<?xml version="1.0" encoding="UTF-8"?>
<!-- Generated by org.testng.reporters.JUnitXMLReporter -->
<testsuite ignored="2" hostname="DESKTOP-A8AOGG1" failures="1" tests="13" name="Test" time="11.11" errors="0" timestamp="2023-04-09T23:07:43 IST">
  <testcase classname="tests.TestOnLocalAPI" name="get" time="3.661"/>
  <testcase classname="tests.TestOnLocalAPI" name="post" time="0.197"/>
  <testcase classname="tests.TestOnLocalAPI" name="put" time="0.085"/>
  <testcase classname="tests.TestOnLocalAPI" name="patch" time="0.06"/>
  <testcase classname="tests.TestOnLocalAPI" name="delete" time="0.104"/>
  <testcase classname="tests.JSONSchemaValidator" name="testGet" time="1.661"/>
  <testcase classname="tests.PutPatchDeleteExamples" name="testDelete" time="0.457"/>
  <testcase classname="tests.PutPatchDeleteExamples" name="testPatch" time="0.449"/>
  <testcase classname="tests.PutPatchDeleteExamples" name="testPut" time="0.447"/>
  <testcase classname="tests.XMLSchemaValidation" name="schemaValidation" time="2.132">
    <failure type="org.xml.sax.SAXParseException" message="Premature end of file.">
      <![CDATA[org.xml.sax.SAXParseException; systemId: http://schemas.xmlsoap.org/soap/envelope/; lineNumber: 1; columnNumber: 1; Premature end of file.
at java.xml/com.sun.org.apache.xerces.internal.util.ErrorHandlerWrapper.createSAXParseException(ErrorHandlerWrapper.java:204)
at java.xml/com.sun.org.apache.xerces.internal.util.ErrorHandlerWrapper.fatalError(ErrorHandlerWrapper.java:178)
at java.xml/com.sun.org.apache.xerces.internal.impl.XMLErrorReporter.reportError(XMLErrorReporter.java:400)
at java.xml/com.sun.org.apache.xerces.internal.impl.XMLErrorReporter.reportError(XMLErrorReporter.java:327)
at java.xml/com.sun.org.apache.xerces.internal.impl.XMLScanner.reportFatalError(XMLScanner.java:1471)
at java.xml/com.sun.org.apache.xerces.internal.impl.XMLDocumentScannerImpl$PrologDriver.next(XMLDocumentScannerImpl.java:1013)
at java.xml/com.sun.org.apache.xerces.internal.impl.XMLDocumentScannerImpl.next(XMLDocumentScannerImpl.java:605)
at java.xml/com.sun.org.apache.xerces.internal.impl.XMLNSDocumentScannerImpl.next(XMLNSDocumentScannerImpl.java:112)
at java.xml/com.sun.org.apache.xerces.internal.impl.XMLDocumentFragmentScannerImpl.scanDocument(XMLDocumentFragmentScannerImpl.java:542)
at java.xml/com.sun.org.apache.xerces.internal.impl.xs.opti.SchemaParsingConfig.parse(SchemaParsingConfig.java:640)
at java.xml/com.sun.org.apache.xerces.internal.impl.xs.opti.SchemaParsingConfig.parse(SchemaParsingConfig.java:696)
at java.xml/com.sun.org.apache.xerces.internal.impl.xs.opti.SchemaDOMParser.parse(SchemaDOMParser.java:530)
at java.xml/com.sun.org.apache.xerces.internal.impl.xs.traversers.XSDHandler.getSchemaDocument(XSDHandler.java:2227)
at java.xml/com.sun.org.apache.xerces.internal.impl.xs.traversers.XSDHandler.resolveSchema(XSDHandler.java:2129)
at java.xml/com.sun.org.apache.xerces.internal.impl.xs.traversers.XSDHandler.constructTrees(XSDHandler.java:1050)
at java.xml/com.sun.org.apache.xerces.internal.impl.xs.traversers.XSDHandler.parseSchema(XSDHandler.java:653)
at java.xml/com.sun.org.apache.xerces.internal.impl.xs.XMLSchemaLoader.loadSchema(XMLSchemaLoader.java:618)
at java.xml/com.sun.org.apache.xerces.internal.impl.xs.XMLSchemaLoader.loadGrammar(XMLSchemaLoader.java:577)
at java.xml/com.sun.org.apache.xerces.internal.impl.xs.XMLSchemaLoader.loadGrammar(XMLSchemaLoader.java:543)
at java.xml/com.sun.org.apache.xerces.internal.jaxp.validation.XMLSchemaFactory.newSchema(XMLSchemaFactory.java:281)
at java.xml/javax.xml.validation.SchemaFactory.newSchema(SchemaFactory.java:612)
at javax.xml.validation.SchemaFactory$newSchema$0.call(Unknown Source)
at org.codehaus.groovy.runtime.callsite.CallSiteArray.defaultCall(CallSiteArray.java:47)
at org.codehaus.groovy.runtime.callsite.AbstractCallSite.call(AbstractCallSite.java:125)
at org.codehaus.groovy.runtime.callsite.AbstractCallSite.call(AbstractCallSite.java:139)
at io.restassured.internal.matcher.xml.XmlXsdMatcher.matches(XmlXsdMatcher.groovy:82)
at org.hamcrest.Matcher$matches$0.call(Unknown Source)
at org.codehaus.groovy.runtime.callsite.CallSiteArray.defaultCall(CallSiteArray.java:47)
at org.hamcrest.Matcher$matches.call(Unknown Source)
at io.restassured.assertion.BodyMatcher.validate(BodyMatcher.groovy:76)
at io.restassured.assertion.BodyMatcher$validate$0.call(Unknown Source)
at io.restassured.assertion.BodyMatcherGroup$_validate_closure2.doCall(BodyMatcherGroup.groovy:47)
at groovy.lang.MetaMethod.doMethodInvoke(MetaMethod.java:323)
at org.codehaus.groovy.runtime.metaclass.ClosureMetaClass.invokeMethod(ClosureMetaClass.java:274)
at groovy.lang.MetaClassImpl.invokeMethod(MetaClassImpl.java:1035)
at groovy.lang.Closure.call(Closure.java:412)
at groovy.lang.Closure.call(Closure.java:428)
at org.codehaus.groovy.runtime.DefaultGroovyMethods.collect(DefaultGroovyMethods.java:3602)
at org.codehaus.groovy.runtime.DefaultGroovyMethods.collect(DefaultGroovyMethods.java:3587)
at org.codehaus.groovy.runtime.DefaultGroovyMethods.collect(DefaultGroovyMethods.java:3687)
at org.codehaus.groovy.runtime.dgm$101.invoke(Unknown Source)
at org.codehaus.groovy.runtime.callsite.PojoMetaMethodSite$PojoMetaMethodSiteNoUnwrapNoCoerce.invoke(PojoMetaMethodSite.java:247)
at org.codehaus.groovy.runtime.callsite.PojoMetaMethodSite.call(PojoMetaMethodSite.java:56)
at org.codehaus.groovy.runtime.callsite.AbstractCallSite.call(AbstractCallSite.java:139)
at io.restassured.assertion.BodyMatcherGroup.validate(BodyMatcherGroup.groovy:47)
at io.restassured.assertion.BodyMatcherGroup$validate$3.call(Unknown Source)
at io.restassured.internal.ResponseSpecificationImpl$HamcrestAssertionClosure.validate(ResponseSpecificationImpl.groovy:486)
at io.restassured.internal.ResponseSpecificationImpl$HamcrestAssertionClosure$validate$1.call(Unknown Source)
at io.restassured.internal.ResponseSpecificationImpl.validateResponseIfRequired(ResponseSpecificationImpl.groovy:684)
at org.codehaus.groovy.runtime.callsite.PlainObjectMetaMethodSite.doInvoke(PlainObjectMetaMethodSite.java:43)
at org.codehaus.groovy.runtime.callsite.PogoMetaMethodSite$PogoCachedMethodSiteNoUnwrapNoCoerce.invoke(PogoMetaMethodSite.java:193)
at org.codehaus.groovy.runtime.callsite.PogoMetaMethodSite.callCurrent(PogoMetaMethodSite.java:61)
at org.codehaus.groovy.runtime.callsite.AbstractCallSite.callCurrent(AbstractCallSite.java:185)
at io.restassured.internal.ResponseSpecificationImpl.body(ResponseSpecificationImpl.groovy:99)
at io.restassured.internal.ValidatableResponseOptionsImpl.body(ValidatableResponseOptionsImpl.java:238)
at io.restassured.internal.ValidatableResponseImpl.super$2$body(ValidatableResponseImpl.groovy)
at groovy.lang.MetaMethod.doMethodInvoke(MetaMethod.java:323)
at groovy.lang.MetaClassImpl.invokeMethod(MetaClassImpl.java:1268)
at org.codehaus.groovy.runtime.ScriptBytecodeAdapter.invokeMethodOnSuperN(ScriptBytecodeAdapter.java:144)
at io.restassured.internal.ValidatableResponseImpl.body(ValidatableResponseImpl.groovy:293)
at io.restassured.internal.ValidatableResponseImpl.body(ValidatableResponseImpl.groovy)
at tests.XMLSchemaValidation.schemaValidation(XMLSchemaValidation.java:38)
at java.base/java.util.ArrayList.forEach(ArrayList.java:1511)
... Removed 41 stack frames]]>
    </failure>
  </testcase> <!-- schemaValidation -->
  <testcase classname="tests.GetAndPostExamples" name="testPost" time="0.481"/>
  <testcase classname="tests.SoapXMLRequest" name="validateSoapXML" time="0.651"/>
  <testcase classname="tests.TestsExamples" name="test_2" time="0.553"/>
  <testcase classname="tests.TestsExamples" name="test_1" time="0.0">
    <ignored/>
  </testcase> <!-- test_1 -->
  <testcase classname="tests.GetAndPostExamples" name="testGet" time="0.0">
    <ignored/>
  </testcase> <!-- testGet -->
</testsuite> <!-- Test -->
